<?xml version="1.0" encoding="UTF-8"?>
<!-- Generated by org.testng.reporters.JUnitReportReporter -->
<testsuite hostname="LAPTOP-39100DHL" failures="0" tests="4" name="com.SwagLabs.Testcases.OverViewPageTest" time="0.001" errors="1" timestamp="2024-02-22T16:44:50 IST" skipped="3">
  <testcase classname="com.SwagLabs.Testcases.OverViewPageTest" name="pagesetup" time="0.001">
    <error message="Cannot invoke &quot;com.SwagLabs.Page.LoginPage.getAppURL()&quot; because &quot;this.lp&quot; is null" type="java.lang.NullPointerException">
      <![CDATA[java.lang.NullPointerException: Cannot invoke "com.SwagLabs.Page.LoginPage.getAppURL()" because "this.lp" is null
at com.SwagLabs.Testcases.BaseClass.pagesetup(BaseClass.java:53)
at java.base/jdk.internal.reflect.NativeMethodAccessorImpl.invoke0(Native Method)
at java.base/jdk.internal.reflect.NativeMethodAccessorImpl.invoke(NativeMethodAccessorImpl.java:77)
at java.base/jdk.internal.reflect.DelegatingMethodAccessorImpl.invoke(DelegatingMethodAccessorImpl.java:43)
at java.base/java.lang.reflect.Method.invoke(Method.java:568)
at org.testng.internal.invokers.MethodInvocationHelper.invokeMethod(MethodInvocationHelper.java:139)
at org.testng.internal.invokers.MethodInvocationHelper.invokeMethodConsideringTimeout(MethodInvocationHelper.java:69)
at org.testng.internal.invokers.ConfigInvoker.invokeConfigurationMethod(ConfigInvoker.java:390)
at org.testng.internal.invokers.ConfigInvoker.invokeConfigurations(ConfigInvoker.java:325)
at org.testng.internal.invokers.TestMethodWorker.invokeBeforeClassMethods(TestMethodWorker.java:180)
at org.testng.internal.invokers.TestMethodWorker.run(TestMethodWorker.java:122)
at java.base/java.util.ArrayList.forEach(ArrayList.java:1511)
at org.testng.TestRunner.privateRun(TestRunner.java:848)
at org.testng.TestRunner.run(TestRunner.java:621)
at org.testng.SuiteRunner.runTest(SuiteRunner.java:443)
at org.testng.SuiteRunner.runSequentially(SuiteRunner.java:437)
at org.testng.SuiteRunner.privateRun(SuiteRunner.java:397)
at org.testng.SuiteRunner.run(SuiteRunner.java:336)
at org.testng.SuiteRunnerWorker.runSuite(SuiteRunnerWorker.java:52)
at org.testng.SuiteRunnerWorker.run(SuiteRunnerWorker.java:95)
at org.testng.TestNG.runSuitesSequentially(TestNG.java:1280)
at org.testng.TestNG.runSuitesLocally(TestNG.java:1200)
at org.testng.TestNG.runSuites(TestNG.java:1114)
at org.testng.TestNG.run(TestNG.java:1082)
at org.testng.remote.AbstractRemoteTestNG.run(AbstractRemoteTestNG.java:115)
at org.testng.remote.RemoteTestNG.initAndRun(RemoteTestNG.java:251)
at org.testng.remote.RemoteTestNG.main(RemoteTestNG.java:77)
]]>
    </error>
  </testcase> <!-- pagesetup -->
  <testcase classname="com.SwagLabs.Testcases.OverViewPageTest" name="verifyurl" time="0.000">
    <skipped/>
  </testcase> <!-- verifyurl -->
  <testcase classname="com.SwagLabs.Testcases.OverViewPageTest" name="verifyproductdetails" time="0.000">
    <skipped/>
  </testcase> <!-- verifyproductdetails -->
  <testcase classname="com.SwagLabs.Testcases.OverViewPageTest" name="verifycompleteprocess" time="0.000">
    <skipped/>
  </testcase> <!-- verifycompleteprocess -->
</testsuite> <!-- com.SwagLabs.Testcases.OverViewPageTest -->
